<?xml version="1.0" encoding="UTF-8"?>
<!-- Generated by org.testng.reporters.JUnitXMLReporter -->
<testsuite ignored="1" hostname="DESKTOP-IKSI6E0" failures="0" tests="2" name="personal loan" time="0.111" errors="0" timestamp="2023-06-19T13:22:31 IST">
  <testcase classname="Test.Class1" name="Demo" time="0.01"/>
  <testcase classname="Test.class2" name="second" time="0.001"/>
  <testcase classname="Test.Class1" name="sec" time="0.0">
    <ignored/>
  </testcase> <!-- sec -->
</testsuite> <!-- personal loan -->
